<?xml version="1.0" encoding="UTF-8"?>
<!-- Generated by org.testng.reporters.JUnitReportReporter -->
<testsuite skipped="0" hostname="LAPTOP-DST2RPGM" name="TestNGsample.Sample" tests="1" failures="0" timestamp="25 Sep 2018 02:54:57 GMT" time="1.692" errors="0">
  <testcase name="login" time="1.692" classname="TestNGsample.Sample"/>
</testsuite> <!-- TestNGsample.Sample -->
