<?xml version="1.0" encoding="UTF-8"?>
<!-- Generated by org.testng.reporters.JUnitReportReporter -->
<testsuite skipped="0" hostname="LAPTOP-DST2RPGM" name="TwitterTestNG.Test2" tests="1" failures="0" timestamp="28 Sep 2018 07:40:22 GMT" time="10.754" errors="0">
  <testcase name="test1" time="10.754" classname="TwitterTestNG.Test2"/>
</testsuite> <!-- TwitterTestNG.Test2 -->
