<?xml version="1.0" encoding="UTF-8"?>
<!-- Generated by org.testng.reporters.JUnitReportReporter -->
<testsuite skipped="0" hostname="LAPTOP-DST2RPGM" name="TestNGtest.TestNG" tests="1" failures="0" timestamp="26 Sep 2018 10:23:47 GMT" time="0.247" errors="0">
  <testcase name="test1" time="0.247" classname="TestNGtest.TestNG"/>
</testsuite> <!-- TestNGtest.TestNG -->
