<?xml version="1.0" encoding="UTF-8"?>
<!-- Generated by org.testng.reporters.JUnitReportReporter -->
<testsuite skipped="0" hostname="LAPTOP-DST2RPGM" name="TestNGtest.TestNG" tests="1" failures="0" timestamp="25 Sep 2018 06:22:27 GMT" time="3.272" errors="0">
  <testcase name="test1" time="3.272" classname="TestNGtest.TestNG"/>
</testsuite> <!-- TestNGtest.TestNG -->
