<?xml version="1.0" encoding="UTF-8"?>
<!-- Generated by org.testng.reporters.JUnitReportReporter -->
<testsuite skipped="0" hostname="LAPTOP-DST2RPGM" name="SwiggyTestNG.Sample" tests="1" failures="0" timestamp="28 Sep 2018 08:00:03 GMT" time="1.574" errors="0">
  <testcase name="test1" time="1.574" classname="SwiggyTestNG.Sample"/>
</testsuite> <!-- SwiggyTestNG.Sample -->
