<?xml version="1.0" encoding="UTF-8"?>
<!-- Generated by org.testng.reporters.JUnitReportReporter -->
<testsuite skipped="0" hostname="LAPTOP-DST2RPGM" name="TestNGtest.TestNG" tests="1" failures="0" timestamp="29 Sep 2018 04:12:19 GMT" time="0.353" errors="0">
  <testcase name="test1" time="0.353" classname="TestNGtest.TestNG"/>
</testsuite> <!-- TestNGtest.TestNG -->
